<?xml version="1.0" encoding="UTF-8"?>
<testsuite name="HammingTest" tests="15" skipped="14" failures="1" errors="0" timestamp="2018-06-13T15:26:43" hostname="Lees-MacBook-Pro.local" time="0.008">
  <properties/>
  <testcase name="testNonUniqueCharacterInFirstStrand" classname="HammingTest" time="0.0">
    <skipped/>
  </testcase>
  <testcase name="testSameNucleotidesInDifferentPositions" classname="HammingTest" time="0.0">
    <skipped/>
  </testcase>
  <testcase name="testCompleteDistanceInSingleNucleotideStrand" classname="HammingTest" time="0.0">
    <skipped/>
  </testcase>
  <testcase name="testNoDistanceBetweenEmptyStrands" classname="HammingTest" time="0.003">
    <failure message="java.lang.UnsupportedOperationException: Delete this statement and write your own implementation." type="java.lang.UnsupportedOperationException">java.lang.UnsupportedOperationException: Delete this statement and write your own implementation.
	at Hamming.&lt;init&gt;(Hamming.java:4)
	at HammingTest.testNoDistanceBetweenEmptyStrands(HammingTest.java:16)
	at sun.reflect.NativeMethodAccessorImpl.invoke0(Native Method)
	at sun.reflect.NativeMethodAccessorImpl.invoke(NativeMethodAccessorImpl.java:62)
	at sun.reflect.DelegatingMethodAccessorImpl.invoke(DelegatingMethodAccessorImpl.java:43)
	at java.lang.reflect.Method.invoke(Method.java:498)
	at org.junit.runners.model.FrameworkMethod$1.runReflectiveCall(FrameworkMethod.java:50)
	at org.junit.internal.runners.model.ReflectiveCallable.run(ReflectiveCallable.java:12)
	at org.junit.runners.model.FrameworkMethod.invokeExplosively(FrameworkMethod.java:47)
	at org.junit.internal.runners.statements.InvokeMethod.evaluate(InvokeMethod.java:17)
	at org.junit.rules.ExpectedException$ExpectedExceptionStatement.evaluate(ExpectedException.java:239)
	at org.junit.rules.RunRules.evaluate(RunRules.java:20)
	at org.junit.runners.ParentRunner.runLeaf(ParentRunner.java:325)
	at org.junit.runners.BlockJUnit4ClassRunner.runChild(BlockJUnit4ClassRunner.java:78)
	at org.junit.runners.BlockJUnit4ClassRunner.runChild(BlockJUnit4ClassRunner.java:57)
	at org.junit.runners.ParentRunner$3.run(ParentRunner.java:290)
	at org.junit.runners.ParentRunner$1.schedule(ParentRunner.java:71)
	at org.junit.runners.ParentRunner.runChildren(ParentRunner.java:288)
	at org.junit.runners.ParentRunner.access$000(ParentRunner.java:58)
	at org.junit.runners.ParentRunner$2.evaluate(ParentRunner.java:268)
	at org.junit.runners.ParentRunner.run(ParentRunner.java:363)
	at org.gradle.api.internal.tasks.testing.junit.JUnitTestClassExecutor.runTestClass(JUnitTestClassExecutor.java:116)
	at org.gradle.api.internal.tasks.testing.junit.JUnitTestClassExecutor.execute(JUnitTestClassExecutor.java:59)
	at org.gradle.api.internal.tasks.testing.junit.JUnitTestClassExecutor.execute(JUnitTestClassExecutor.java:39)
	at org.gradle.api.internal.tasks.testing.junit.AbstractJUnitTestClassProcessor.processTestClass(AbstractJUnitTestClassProcessor.java:66)
	at org.gradle.api.internal.tasks.testing.SuiteTestClassProcessor.processTestClass(SuiteTestClassProcessor.java:51)
	at sun.reflect.NativeMethodAccessorImpl.invoke0(Native Method)
	at sun.reflect.NativeMethodAccessorImpl.invoke(NativeMethodAccessorImpl.java:62)
	at sun.reflect.DelegatingMethodAccessorImpl.invoke(DelegatingMethodAccessorImpl.java:43)
	at java.lang.reflect.Method.invoke(Method.java:498)
	at org.gradle.internal.dispatch.ReflectionDispatch.dispatch(ReflectionDispatch.java:35)
	at org.gradle.internal.dispatch.ReflectionDispatch.dispatch(ReflectionDispatch.java:24)
	at org.gradle.internal.dispatch.ContextClassLoaderDispatch.dispatch(ContextClassLoaderDispatch.java:32)
	at org.gradle.internal.dispatch.ProxyDispatchAdapter$DispatchingInvocationHandler.invoke(ProxyDispatchAdapter.java:93)
	at com.sun.proxy.$Proxy1.processTestClass(Unknown Source)
	at org.gradle.api.internal.tasks.testing.worker.TestWorker.processTestClass(TestWorker.java:109)
	at sun.reflect.NativeMethodAccessorImpl.invoke0(Native Method)
	at sun.reflect.NativeMethodAccessorImpl.invoke(NativeMethodAccessorImpl.java:62)
	at sun.reflect.DelegatingMethodAccessorImpl.invoke(DelegatingMethodAccessorImpl.java:43)
	at java.lang.reflect.Method.invoke(Method.java:498)
	at org.gradle.internal.dispatch.ReflectionDispatch.dispatch(ReflectionDispatch.java:35)
	at org.gradle.internal.dispatch.ReflectionDispatch.dispatch(ReflectionDispatch.java:24)
	at org.gradle.internal.remote.internal.hub.MessageHubBackedObjectConnection$DispatchWrapper.dispatch(MessageHubBackedObjectConnection.java:146)
	at org.gradle.internal.remote.internal.hub.MessageHubBackedObjectConnection$DispatchWrapper.dispatch(MessageHubBackedObjectConnection.java:128)
	at org.gradle.internal.remote.internal.hub.MessageHub$Handler.run(MessageHub.java:404)
	at org.gradle.internal.concurrent.ExecutorPolicy$CatchAndRecordFailures.onExecute(ExecutorPolicy.java:63)
	at org.gradle.internal.concurrent.ManagedExecutorImpl$1.run(ManagedExecutorImpl.java:46)
	at java.util.concurrent.ThreadPoolExecutor.runWorker(ThreadPoolExecutor.java:1149)
	at java.util.concurrent.ThreadPoolExecutor$Worker.run(ThreadPoolExecutor.java:624)
	at org.gradle.internal.concurrent.ThreadFactoryImpl$ManagedThreadRunnable.run(ThreadFactoryImpl.java:55)
	at java.lang.Thread.run(Thread.java:748)
</failure>
  </testcase>
  <testcase name="testNoDistanceBetweenShortIdenticalStrands" classname="HammingTest" time="0.0">
    <skipped/>
  </testcase>
  <testcase name="testSmallDistanceInSmallStrand" classname="HammingTest" time="0.0">
    <skipped/>
  </testcase>
  <testcase name="testNoDistanceBetweenLongIdenticalStrands" classname="HammingTest" time="0.0">
    <skipped/>
  </testcase>
  <testcase name="testNonUniqueCharacterInSecondStrand" classname="HammingTest" time="0.0">
    <skipped/>
  </testcase>
  <testcase name="testSmallDistanceInMediumStrand" classname="HammingTest" time="0.0">
    <skipped/>
  </testcase>
  <testcase name="testLargeDistanceInOffByOneStrand" classname="HammingTest" time="0.0">
    <skipped/>
  </testcase>
  <testcase name="testLargeDistanceInPermutedStrand" classname="HammingTest" time="0.0">
    <skipped/>
  </testcase>
  <testcase name="testValidatesFirstStrandNotLonger" classname="HammingTest" time="0.0">
    <skipped/>
  </testcase>
  <testcase name="testSmallDistanceInLongStrand" classname="HammingTest" time="0.0">
    <skipped/>
  </testcase>
  <testcase name="testValidatesSecondStrandNotLonger" classname="HammingTest" time="0.0">
    <skipped/>
  </testcase>
  <testcase name="testCompleteDistanceInSmallStrand" classname="HammingTest" time="0.0">
    <skipped/>
  </testcase>
  <system-out><![CDATA[]]></system-out>
  <system-err><![CDATA[]]></system-err>
</testsuite>
